{
  "stats": {
    "suites": 9,
    "tests": 9,
    "passes": 9,
    "pending": 0,
    "failures": 0,
    "start": "2022-11-29T20:31:41.025Z",
    "end": "2022-11-29T20:31:41.264Z",
    "duration": 239,
    "testsRegistered": 9,
    "passPercent": 100,
    "pendingPercent": 0,
    "other": 0,
    "hasOther": false,
    "skipped": 0,
    "hasSkipped": false
  },
  "results": [
    {
      "uuid": "28a9ccd6-2c2e-4a0f-bb04-1df2e6e031d7",
      "title": "",
      "fullFile": "",
      "file": "",
      "beforeHooks": [],
      "afterHooks": [
        {
          "title": "\"after all\" hook in \"{root}\"",
          "fullTitle": "\"after all\" hook in \"{root}\"",
          "timedOut": false,
          "duration": 1,
          "state": null,
          "speed": null,
          "pass": false,
          "fail": false,
          "pending": false,
          "context": null,
          "code": "done();",
          "err": {},
          "uuid": "933137d5-ed9e-495b-a944-cdfb54c26ffc",
          "parentUUID": "28a9ccd6-2c2e-4a0f-bb04-1df2e6e031d7",
          "isHook": true,
          "skipped": false
        }
      ],
      "tests": [],
      "suites": [
        {
          "uuid": "62ba5688-df82-4857-9741-4faaed320346",
          "title": "POST /api/mekanlar",
          "fullFile": "C:\\Users\\erkan\\OneDrive\\Masaüstü\\ECHO\\WEBSITES\\mekanbul\\test.js",
          "file": "\\test.js",
          "beforeHooks": [],
          "afterHooks": [],
          "tests": [
            {
              "title": "Yeni mekan ekle:",
              "fullTitle": "POST /api/mekanlar Yeni mekan ekle:",
              "timedOut": false,
              "duration": 80,
              "state": "passed",
              "speed": "slow",
              "pass": true,
              "fail": false,
              "pending": false,
              "context": null,
              "code": "const response = await request.post(\"/api/mekanlar\").send({\n  ad: \"Starbucks\",\n  adres: \"Centrum Garden\",\n  puan: 5,\n  imkanlar: \"çay,kahve,pasta\",\n  enlem: 37.83226584629666,\n  boylam: 30.524732239878013,\n  gunler1: \"Pazartesi-Cuma\",\n  acilis1: \"9:00\",\n  kapanis1: \"23:00\",\n  kapali1: false,\n  gunler2: \"Cumartesi-Pazar\",\n  acilis2: \"11:00\",\n  kapanis2: \"17:00\",\n  kapali2: false,\n});\nexpect(response.status).to.eql(201);\nprocess.env.mekanid = response.body._id;",
              "err": {},
              "uuid": "2014818c-6fe6-488a-8fd6-f706880ed85f",
              "parentUUID": "62ba5688-df82-4857-9741-4faaed320346",
              "isHook": false,
              "skipped": false
            }
          ],
          "suites": [],
          "passes": [
            "2014818c-6fe6-488a-8fd6-f706880ed85f"
          ],
          "failures": [],
          "pending": [],
          "skipped": [],
          "duration": 80,
          "root": false,
          "rootEmpty": false,
          "_timeout": 10000
        },
        {
          "uuid": "4e7cb15a-46ab-49a0-b9d7-6bf6627d7c61",
          "title": "GET /api/mekanlar",
          "fullFile": "C:\\Users\\erkan\\OneDrive\\Masaüstü\\ECHO\\WEBSITES\\mekanbul\\test.js",
          "file": "\\test.js",
          "beforeHooks": [],
          "afterHooks": [],
          "tests": [
            {
              "title": "Girilen konum civarındaki tüm mekanları listele:",
              "fullTitle": "GET /api/mekanlar Girilen konum civarındaki tüm mekanları listele:",
              "timedOut": false,
              "duration": 23,
              "state": "passed",
              "speed": "fast",
              "pass": true,
              "fail": false,
              "pending": false,
              "context": null,
              "code": "const response = await request.get(\"/api/mekanlar?enlem=37&boylam=35\");\nexpect(response.status).to.eql(200);",
              "err": {},
              "uuid": "357ec16f-eb9d-4160-afec-503bea13b57f",
              "parentUUID": "4e7cb15a-46ab-49a0-b9d7-6bf6627d7c61",
              "isHook": false,
              "skipped": false
            }
          ],
          "suites": [],
          "passes": [
            "357ec16f-eb9d-4160-afec-503bea13b57f"
          ],
          "failures": [],
          "pending": [],
          "skipped": [],
          "duration": 23,
          "root": false,
          "rootEmpty": false,
          "_timeout": 10000
        },
        {
          "uuid": "a0a82b91-9509-424e-b598-4e1649ae094d",
          "title": "GET /api/mekanlar/:mekanid",
          "fullFile": "C:\\Users\\erkan\\OneDrive\\Masaüstü\\ECHO\\WEBSITES\\mekanbul\\test.js",
          "file": "\\test.js",
          "beforeHooks": [],
          "afterHooks": [],
          "tests": [
            {
              "title": "Mekan getir:",
              "fullTitle": "GET /api/mekanlar/:mekanid Mekan getir:",
              "timedOut": false,
              "duration": 17,
              "state": "passed",
              "speed": "fast",
              "pass": true,
              "fail": false,
              "pending": false,
              "context": null,
              "code": "const response = await request.get(`/api/mekanlar/${process.env.mekanid}`);\nexpect(response.status).to.eql(200);",
              "err": {},
              "uuid": "76c7414e-0827-43c3-acc5-c62c3a755b41",
              "parentUUID": "a0a82b91-9509-424e-b598-4e1649ae094d",
              "isHook": false,
              "skipped": false
            }
          ],
          "suites": [],
          "passes": [
            "76c7414e-0827-43c3-acc5-c62c3a755b41"
          ],
          "failures": [],
          "pending": [],
          "skipped": [],
          "duration": 17,
          "root": false,
          "rootEmpty": false,
          "_timeout": 10000
        },
        {
          "uuid": "5d13dfe8-f741-4bee-b5cc-e9b57b40d351",
          "title": "PUT /api/mekanlar/:mekanid",
          "fullFile": "C:\\Users\\erkan\\OneDrive\\Masaüstü\\ECHO\\WEBSITES\\mekanbul\\test.js",
          "file": "\\test.js",
          "beforeHooks": [],
          "afterHooks": [],
          "tests": [
            {
              "title": "Mekan Güncelle:",
              "fullTitle": "PUT /api/mekanlar/:mekanid Mekan Güncelle:",
              "timedOut": false,
              "duration": 22,
              "state": "passed",
              "speed": "fast",
              "pass": true,
              "fail": false,
              "pending": false,
              "context": null,
              "code": "const response = await request\n  .put(`/api/mekanlar/${process.env.mekanid}`)\n  .send({\n    ad: \"Starbucks SDÜ\",\n    adres: \"SDÜ Doğu Kampüsü\",\n    puan: 3,\n    imkanlar: \"çay,kahve,pasta,refresher\",\n    enlem: 37.8,\n    boylam: 30.5,\n    gunler1: \"Pazartesi-Cuma\",\n    acilis1: \"9:10\",\n    kapanis1: \"23:10\",\n    kapali1: true,\n    gunler2: \"Cumartesi-Pazar\",\n    acilis2: \"11:10\",\n    kapanis2: \"17:10\",\n    kapali2: true,\n  });\nexpect(response.status).to.eql(200);",
              "err": {},
              "uuid": "3662e0cb-1505-424f-b0be-7a9cda743ee8",
              "parentUUID": "5d13dfe8-f741-4bee-b5cc-e9b57b40d351",
              "isHook": false,
              "skipped": false
            }
          ],
          "suites": [],
          "passes": [
            "3662e0cb-1505-424f-b0be-7a9cda743ee8"
          ],
          "failures": [],
          "pending": [],
          "skipped": [],
          "duration": 22,
          "root": false,
          "rootEmpty": false,
          "_timeout": 10000
        },
        {
          "uuid": "5c2cc2ff-4b4f-45cb-85ba-9acdc9b21e2c",
          "title": "POST /api/mekanlar/:mekanid/yorumlar",
          "fullFile": "C:\\Users\\erkan\\OneDrive\\Masaüstü\\ECHO\\WEBSITES\\mekanbul\\test.js",
          "file": "\\test.js",
          "beforeHooks": [],
          "afterHooks": [],
          "tests": [
            {
              "title": "Yorum ekle:",
              "fullTitle": "POST /api/mekanlar/:mekanid/yorumlar Yorum ekle:",
              "timedOut": false,
              "duration": 14,
              "state": "passed",
              "speed": "fast",
              "pass": true,
              "fail": false,
              "pending": false,
              "context": null,
              "code": "const response = await request\n  .post(`/api/mekanlar/${process.env.mekanid}/yorumlar`)\n  .send({\n    yorumYapan: \"ASY\",\n    puan: 5,\n    yorumMetni: \"Kahveler harika\",\n  });\nprocess.env.yorumid = response.body._id;\nexpect(response.status).to.eql(201);",
              "err": {},
              "uuid": "7b4507b9-6ef5-40f2-9cd6-312e043e5804",
              "parentUUID": "5c2cc2ff-4b4f-45cb-85ba-9acdc9b21e2c",
              "isHook": false,
              "skipped": false
            }
          ],
          "suites": [],
          "passes": [
            "7b4507b9-6ef5-40f2-9cd6-312e043e5804"
          ],
          "failures": [],
          "pending": [],
          "skipped": [],
          "duration": 14,
          "root": false,
          "rootEmpty": false,
          "_timeout": 10000
        },
        {
          "uuid": "56073b51-62f5-4e5c-8eeb-f6a4e2cd40b5",
          "title": "GET /api/mekanlar/:mekanid/yorumlar/:yorumid",
          "fullFile": "C:\\Users\\erkan\\OneDrive\\Masaüstü\\ECHO\\WEBSITES\\mekanbul\\test.js",
          "file": "\\test.js",
          "beforeHooks": [],
          "afterHooks": [],
          "tests": [
            {
              "title": "Yorum getir:",
              "fullTitle": "GET /api/mekanlar/:mekanid/yorumlar/:yorumid Yorum getir:",
              "timedOut": false,
              "duration": 16,
              "state": "passed",
              "speed": "fast",
              "pass": true,
              "fail": false,
              "pending": false,
              "context": null,
              "code": "const response = await request.get(\n  `/api/mekanlar/${process.env.mekanid}/yorumlar/${process.env.yorumid}`\n);\nexpect(response.status).to.eql(200);",
              "err": {},
              "uuid": "732aad39-83f3-4807-8aad-312dd431fbba",
              "parentUUID": "56073b51-62f5-4e5c-8eeb-f6a4e2cd40b5",
              "isHook": false,
              "skipped": false
            }
          ],
          "suites": [],
          "passes": [
            "732aad39-83f3-4807-8aad-312dd431fbba"
          ],
          "failures": [],
          "pending": [],
          "skipped": [],
          "duration": 16,
          "root": false,
          "rootEmpty": false,
          "_timeout": 10000
        },
        {
          "uuid": "ff8c5edb-b035-48b5-bdd1-ae46fbd4bdbc",
          "title": "PUT /api/mekanlar/:mekanid/yorumlar/:yorumid",
          "fullFile": "C:\\Users\\erkan\\OneDrive\\Masaüstü\\ECHO\\WEBSITES\\mekanbul\\test.js",
          "file": "\\test.js",
          "beforeHooks": [],
          "afterHooks": [],
          "tests": [
            {
              "title": "Yorum güncelle:",
              "fullTitle": "PUT /api/mekanlar/:mekanid/yorumlar/:yorumid Yorum güncelle:",
              "timedOut": false,
              "duration": 12,
              "state": "passed",
              "speed": "fast",
              "pass": true,
              "fail": false,
              "pending": false,
              "context": null,
              "code": "const response = await request\n  .put(\n    `/api/mekanlar/${process.env.mekanid}/yorumlar/${process.env.yorumid}`\n  )\n  .send({\n    yorumYapan: \"Sinan\",\n    puan: 4,\n    yorumMetni: \"Kahveler harikaaaa\",\n  });\nexpect(response.status).to.eql(200);",
              "err": {},
              "uuid": "482cd9d6-2bd3-4674-9d61-a87edc500951",
              "parentUUID": "ff8c5edb-b035-48b5-bdd1-ae46fbd4bdbc",
              "isHook": false,
              "skipped": false
            }
          ],
          "suites": [],
          "passes": [
            "482cd9d6-2bd3-4674-9d61-a87edc500951"
          ],
          "failures": [],
          "pending": [],
          "skipped": [],
          "duration": 12,
          "root": false,
          "rootEmpty": false,
          "_timeout": 10000
        },
        {
          "uuid": "3c1b6dd2-4561-4b00-a29b-106b22c6a04f",
          "title": "DELETE /api/mekanlar/:mekanid/yorumlar/:yorumid",
          "fullFile": "C:\\Users\\erkan\\OneDrive\\Masaüstü\\ECHO\\WEBSITES\\mekanbul\\test.js",
          "file": "\\test.js",
          "beforeHooks": [],
          "afterHooks": [],
          "tests": [
            {
              "title": "Yorum sil:",
              "fullTitle": "DELETE /api/mekanlar/:mekanid/yorumlar/:yorumid Yorum sil:",
              "timedOut": false,
              "duration": 8,
              "state": "passed",
              "speed": "fast",
              "pass": true,
              "fail": false,
              "pending": false,
              "context": null,
              "code": "const response = await request.delete(\n  `/api/mekanlar/${process.env.mekanid}/yorumlar/${process.env.yorumid}`\n);\nexpect(response.status).to.eql(200);",
              "err": {},
              "uuid": "51ba9399-bde8-4e77-bf4e-d63437084ad0",
              "parentUUID": "3c1b6dd2-4561-4b00-a29b-106b22c6a04f",
              "isHook": false,
              "skipped": false
            }
          ],
          "suites": [],
          "passes": [
            "51ba9399-bde8-4e77-bf4e-d63437084ad0"
          ],
          "failures": [],
          "pending": [],
          "skipped": [],
          "duration": 8,
          "root": false,
          "rootEmpty": false,
          "_timeout": 10000
        },
        {
          "uuid": "ae0c0bdf-5947-4860-9855-eaff98478e07",
          "title": "DELETE /api/mekanlar/:mekanid",
          "fullFile": "C:\\Users\\erkan\\OneDrive\\Masaüstü\\ECHO\\WEBSITES\\mekanbul\\test.js",
          "file": "\\test.js",
          "beforeHooks": [],
          "afterHooks": [],
          "tests": [
            {
              "title": "Mekan sil:",
              "fullTitle": "DELETE /api/mekanlar/:mekanid Mekan sil:",
              "timedOut": false,
              "duration": 13,
              "state": "passed",
              "speed": "fast",
              "pass": true,
              "fail": false,
              "pending": false,
              "context": null,
              "code": "const response = await request.delete(\n  `/api/mekanlar/${process.env.mekanid}`\n);\nexpect(response.status).to.eql(200);",
              "err": {},
              "uuid": "f49c79d0-8c97-4df0-9469-a1e75dba21a2",
              "parentUUID": "ae0c0bdf-5947-4860-9855-eaff98478e07",
              "isHook": false,
              "skipped": false
            }
          ],
          "suites": [],
          "passes": [
            "f49c79d0-8c97-4df0-9469-a1e75dba21a2"
          ],
          "failures": [],
          "pending": [],
          "skipped": [],
          "duration": 13,
          "root": false,
          "rootEmpty": false,
          "_timeout": 10000
        }
      ],
      "passes": [],
      "failures": [],
      "pending": [],
      "skipped": [],
      "duration": 0,
      "root": true,
      "rootEmpty": true,
      "_timeout": 10000
    }
  ],
  "meta": {
    "mocha": {
      "version": "10.1.0"
    },
    "mochawesome": {
      "options": {
        "quiet": false,
        "reportFilename": "mochawesome",
        "saveHtml": true,
        "saveJson": true,
        "consoleReporter": "spec",
        "useInlineDiffs": false,
        "code": true
      },
      "version": "7.1.3"
    },
    "marge": {
      "options": null,
      "version": "6.2.0"
    }
  }
}